Using pre-set license
Built from '2020.3/staging' branch; Version is '2020.3.5f1 (8095aa901b9b) revision 8426922'; Using compiler version '192528614'; Build Type 'Release'
OS: 'Windows 10 Enterprise; OS build 19044.1526; Version 2009; 64bit' Language: 'en' Physical Memory: 32611 MB
BatchMode: 1, IsHumanControllingUs: 0, StartBugReporterOnCrash: 0, Is64bit: 1, IsPro: 0

 COMMAND LINE ARGUMENTS:
C:\Program Files\Unity\Hub\Editor\2020.3.5f1\Editor\Unity.exe
-adb2
-batchMode
-noUpm
-name
AssetImportWorker0
-projectPath
D:/II Games/GameDev/Games/Unity/Projects/Comic Cartoon
-logFile
Logs/AssetImportWorker0.log
-srvPort
60105
Successfully changed project path to: D:/II Games/GameDev/Games/Unity/Projects/Comic Cartoon
D:/II Games/GameDev/Games/Unity/Projects/Comic Cartoon
Using Asset Import Pipeline V2.
Refreshing native plugins compatible for Editor in 38.66 ms, found 2 plugins.
Preloading 0 native plugins for Editor in 0.00 ms.
Initialize engine version: 2020.3.5f1 (8095aa901b9b)
[Subsystems] Discovering subsystems at path C:/Program Files/Unity/Hub/Editor/2020.3.5f1/Editor/Data/Resources/UnitySubsystems
[Subsystems] Discovering subsystems at path D:/II Games/GameDev/Games/Unity/Projects/Comic Cartoon/Assets
GfxDevice: creating device client; threaded=0
Direct3D:
    Version:  Direct3D 11.0 [level 11.1]
    Renderer: NVIDIA GeForce RTX 2060 SUPER (ID=0x1f06)
    Vendor:   
    VRAM:     8031 MB
    Driver:   27.21.14.6627
Initialize mono
Mono path[0] = 'C:/Program Files/Unity/Hub/Editor/2020.3.5f1/Editor/Data/Managed'
Mono path[1] = 'C:/Program Files/Unity/Hub/Editor/2020.3.5f1/Editor/Data/MonoBleedingEdge/lib/mono/unityjit'
Mono config path = 'C:/Program Files/Unity/Hub/Editor/2020.3.5f1/Editor/Data/MonoBleedingEdge/etc'
Using monoOptions --debugger-agent=transport=dt_socket,embedding=1,server=y,suspend=n,address=127.0.0.1:56948
Begin MonoManager ReloadAssembly
Registering precompiled unity dll's ...
Register platform support module: C:/Program Files/Unity/Hub/Editor/2020.3.5f1/Editor/Data/PlaybackEngines/WebGLSupport/UnityEditor.WebGL.Extensions.dll
Register platform support module: C:/Program Files/Unity/Hub/Editor/2020.3.5f1/Editor/Data/PlaybackEngines/MacStandaloneSupport/UnityEditor.OSXStandalone.Extensions.dll
Register platform support module: C:/Program Files/Unity/Hub/Editor/2020.3.5f1/Editor/Data/PlaybackEngines/WindowsStandaloneSupport/UnityEditor.WindowsStandalone.Extensions.dll
Registered in 0.003209 seconds.
Native extension for WindowsStandalone target not found
Native extension for OSXStandalone target not found
Native extension for WebGL target not found
Refreshing native plugins compatible for Editor in 36.14 ms, found 2 plugins.
Preloading 0 native plugins for Editor in 0.00 ms.
Mono: successfully reloaded assembly
- Completed reload, in  1.121 seconds
Platform modules already initialized, skipping
Registering precompiled user dll's ...
Registered in 0.004174 seconds.
Begin MonoManager ReloadAssembly
Native extension for WindowsStandalone target not found
Native extension for OSXStandalone target not found
Native extension for WebGL target not found
Refreshing native plugins compatible for Editor in 0.41 ms, found 2 plugins.
Preloading 0 native plugins for Editor in 0.00 ms.
Mono: successfully reloaded assembly
- Completed reload, in  1.012 seconds
Platform modules already initialized, skipping
========================================================================
Worker process is ready to serve import requests
Launched and connected shader compiler UnityShaderCompiler.exe after 0.04 seconds
Refreshing native plugins compatible for Editor in 0.39 ms, found 2 plugins.
Preloading 0 native plugins for Editor in 0.00 ms.
Unloading 2046 Unused Serialized files (Serialized files now loaded: 0)
System memory in use before: 96.4 MB.
System memory in use after: 96.5 MB.

Unloading 82 unused Assets to reduce memory usage. Loaded Objects now: 2482.
Total: 2.506900 ms (FindLiveObjects: 0.209400 ms CreateObjectMapping: 0.088800 ms MarkObjects: 2.063400 ms  DeleteObjects: 0.144500 ms)

========================================================================
Received Import Request.
  path: Assets/Scenes/Level 5.unity
  artifactKey: Guid(ee365760cdf87bf4a9fc4b2df0812564) Importer(815301076,1909f56bfc062723c751e8b465ee728b)
Start importing Assets/Scenes/Level 5.unity using Guid(ee365760cdf87bf4a9fc4b2df0812564) Importer(815301076,1909f56bfc062723c751e8b465ee728b)  -> (artifact id: '27afdd30e05fcdbf03c743d13d3bad18') in 0.005529 seconds
  Import took 0.008112 seconds .

========================================================================
Received Import Request.
  Time since last request: 234.048615 seconds.
  path: Assets/Materials/Level Materials/Barname Nevisi.mat
  artifactKey: Guid(6a487c46760769046bcd4e68c8cd72ff) Importer(815301076,1909f56bfc062723c751e8b465ee728b)
Start importing Assets/Materials/Level Materials/Barname Nevisi.mat using Guid(6a487c46760769046bcd4e68c8cd72ff) Importer(815301076,1909f56bfc062723c751e8b465ee728b)  -> (artifact id: '49b4b80922b8bc034384e65e821dc44d') in 0.126726 seconds
  Import took 0.130014 seconds .

========================================================================
Received Import Request.
  Time since last request: 307.443781 seconds.
  path: Assets/Images/پوستر برنامه نویسی.png
  artifactKey: Guid(d423dd7c666f7de47851a74862d5d54a) Importer(815301076,1909f56bfc062723c751e8b465ee728b)
Start importing Assets/Images/پوستر برنامه نویسی.png using Guid(d423dd7c666f7de47851a74862d5d54a) Importer(815301076,1909f56bfc062723c751e8b465ee728b)  -> (artifact id: '6e1c8b9c47cd98cce188942909faa834') in 0.054066 seconds
  Import took 0.057065 seconds .

========================================================================
Received Import Request.
  Time since last request: 14.471169 seconds.
  path: Assets/Images/Poster_BarnameNevisi.png
  artifactKey: Guid(d423dd7c666f7de47851a74862d5d54a) Importer(815301076,1909f56bfc062723c751e8b465ee728b)
Start importing Assets/Images/Poster_BarnameNevisi.png using Guid(d423dd7c666f7de47851a74862d5d54a) Importer(815301076,1909f56bfc062723c751e8b465ee728b)  -> (artifact id: '864b413d0ae537adc88fd8ae1f98e4ba') in 0.009529 seconds
  Import took 0.032361 seconds .

========================================================================
Received Import Request.
  Time since last request: 10.905124 seconds.
  path: Assets/Images/Poster_BarnameNevisi.png
  artifactKey: Guid(d423dd7c666f7de47851a74862d5d54a) Importer(815301076,1909f56bfc062723c751e8b465ee728b)
Start importing Assets/Images/Poster_BarnameNevisi.png using Guid(d423dd7c666f7de47851a74862d5d54a) Importer(815301076,1909f56bfc062723c751e8b465ee728b)  -> (artifact id: '867e3f614e55499f1ddabae9d7122eff') in 0.019246 seconds
  Import took 0.022015 seconds .

========================================================================
Received Import Request.
  Time since last request: 298.901749 seconds.
  path: Assets/Scenes/Level 5.unity
  artifactKey: Guid(ee365760cdf87bf4a9fc4b2df0812564) Importer(815301076,1909f56bfc062723c751e8b465ee728b)
Start importing Assets/Scenes/Level 5.unity using Guid(ee365760cdf87bf4a9fc4b2df0812564) Importer(815301076,1909f56bfc062723c751e8b465ee728b)  -> (artifact id: '9695c728dc5cf8d4c499f6d8d07cfeb4') in 0.001830 seconds
  Import took 0.004961 seconds .

========================================================================
Received Import Request.
  Time since last request: 58.616798 seconds.
  path: Assets/Images/Projects/CourseBox
  artifactKey: Guid(3af36cadb8810f046a695340618730fe) Importer(815301076,1909f56bfc062723c751e8b465ee728b)
Start importing Assets/Images/Projects/CourseBox using Guid(3af36cadb8810f046a695340618730fe) Importer(815301076,1909f56bfc062723c751e8b465ee728b)  -> (artifact id: '0c6a48b23e31f4f01aa3d2b84bac9032') in 0.001589 seconds
  Import took 0.004241 seconds .

========================================================================
Received Import Request.
  Time since last request: 12.112024 seconds.
  path: Assets/Images/Projects/CourseBox/screenshot-1645627102611_iphone13red_portrait.png
  artifactKey: Guid(9f96338628c93c14798e4851e875a6b8) Importer(815301076,1909f56bfc062723c751e8b465ee728b)
Start importing Assets/Images/Projects/CourseBox/screenshot-1645627102611_iphone13red_portrait.png using Guid(9f96338628c93c14798e4851e875a6b8) Importer(815301076,1909f56bfc062723c751e8b465ee728b)  -> (artifact id: '9fd2a97265358bb7fe47539e271db7ae') in 0.010617 seconds
  Import took 0.013325 seconds .

========================================================================
Received Import Request.
  Time since last request: 0.003491 seconds.
  path: Assets/Images/Projects/CourseBox/screenshot-1645627102611_iphone13red_portrait.png
  artifactKey: Guid(9f96338628c93c14798e4851e875a6b8) Importer(815301076,1909f56bfc062723c751e8b465ee728b)
Start importing Assets/Images/Projects/CourseBox/screenshot-1645627102611_iphone13red_portrait.png using Guid(9f96338628c93c14798e4851e875a6b8) Importer(815301076,1909f56bfc062723c751e8b465ee728b)  -> (artifact id: '9fd2a97265358bb7fe47539e271db7ae') in 0.012222 seconds
  Import took 0.014936 seconds .

========================================================================
Received Import Request.
  Time since last request: 4.783040 seconds.
  path: Assets/Images/Projects/CourseBox/screenshot-1645627729922_iphone13minired_portrait.png
  artifactKey: Guid(cb59bb7ff5145704c9a6b3a593ec1ff5) Importer(815301076,1909f56bfc062723c751e8b465ee728b)
Start importing Assets/Images/Projects/CourseBox/screenshot-1645627729922_iphone13minired_portrait.png using Guid(cb59bb7ff5145704c9a6b3a593ec1ff5) Importer(815301076,1909f56bfc062723c751e8b465ee728b)  -> (artifact id: 'eec1d6c75103c74568b4f9b8cd99e351') in 0.009527 seconds
  Import took 0.012250 seconds .

========================================================================
Received Import Request.
  Time since last request: 7.882144 seconds.
  path: Assets/Images/Projects/CourseBox/screenshot-1645627102611_iphone13red_portrait.png
  artifactKey: Guid(9f96338628c93c14798e4851e875a6b8) Importer(815301076,1909f56bfc062723c751e8b465ee728b)
Start importing Assets/Images/Projects/CourseBox/screenshot-1645627102611_iphone13red_portrait.png using Guid(9f96338628c93c14798e4851e875a6b8) Importer(815301076,1909f56bfc062723c751e8b465ee728b)  -> (artifact id: 'c3c37f104c73a39304583d230e22e1c8') in 0.034892 seconds
  Import took 0.038124 seconds .

========================================================================
Received Import Request.
  Time since last request: 3.430038 seconds.
  path: Assets/Images/Projects/CourseBox/screenshot-1645627729922_iphone13minired_portrait.png
  artifactKey: Guid(cb59bb7ff5145704c9a6b3a593ec1ff5) Importer(815301076,1909f56bfc062723c751e8b465ee728b)
Start importing Assets/Images/Projects/CourseBox/screenshot-1645627729922_iphone13minired_portrait.png using Guid(cb59bb7ff5145704c9a6b3a593ec1ff5) Importer(815301076,1909f56bfc062723c751e8b465ee728b)  -> (artifact id: 'e0079973c8bb55641fc399712b54effa') in 0.013721 seconds
  Import took 0.016574 seconds .

AssetImportWorkerClient::OnTransportError - code=2 error=End of file
